<?xml version="1.0" encoding="UTF-8"?>
<!-- Generated by org.testng.reporters.JUnitReportReporter -->
<testsuite ignored="30" hostname="EXO-BLR-LT214" failures="2" tests="6" name="com.plivo.test.ApiTest" time="5.867" errors="0" timestamp="11 May 2020 09:34:33 GMT" skipped="0">
  <testcase classname="com.plivo.test.ApiTest" name="renameChannel" time="0.714">
    <failure message="expected [true] but found [false]" type="java.lang.AssertionError">
      <![CDATA[java.lang.AssertionError: expected [true] but found [false]
	at org.testng.Assert.fail(Assert.java:94)
	at org.testng.Assert.failNotEquals(Assert.java:513)
	at org.testng.Assert.assertEqualsImpl(Assert.java:135)
	at org.testng.Assert.assertEquals(Assert.java:116)
	at org.testng.Assert.assertEquals(Assert.java:305)
	at org.testng.Assert.assertEquals(Assert.java:315)
	at com.plivo.test.ApiTest.responseToPojoAndValidate(ApiTest.java:39)
	at com.plivo.test.ApiTest.renameChannel(ApiTest.java:81)
	at java.base/jdk.internal.reflect.NativeMethodAccessorImpl.invoke0(Native Method)
	at java.base/jdk.internal.reflect.NativeMethodAccessorImpl.invoke(NativeMethodAccessorImpl.java:62)
	at java.base/jdk.internal.reflect.DelegatingMethodAccessorImpl.invoke(DelegatingMethodAccessorImpl.java:43)
	at java.base/java.lang.reflect.Method.invoke(Method.java:566)
	at org.testng.internal.MethodInvocationHelper.invokeMethod(MethodInvocationHelper.java:104)
	at org.testng.internal.Invoker.invokeMethod(Invoker.java:645)
	at org.testng.internal.Invoker.invokeTestMethod(Invoker.java:851)
	at org.testng.internal.Invoker.invokeTestMethods(Invoker.java:1177)
	at org.testng.internal.TestMethodWorker.invokeTestMethods(TestMethodWorker.java:129)
	at org.testng.internal.TestMethodWorker.run(TestMethodWorker.java:112)
	at org.testng.TestRunner.privateRun(TestRunner.java:756)
	at org.testng.TestRunner.run(TestRunner.java:610)
	at org.testng.SuiteRunner.runTest(SuiteRunner.java:387)
	at org.testng.SuiteRunner.runSequentially(SuiteRunner.java:382)
	at org.testng.SuiteRunner.privateRun(SuiteRunner.java:340)
	at org.testng.SuiteRunner.run(SuiteRunner.java:289)
	at org.testng.SuiteRunnerWorker.runSuite(SuiteRunnerWorker.java:52)
	at org.testng.SuiteRunnerWorker.run(SuiteRunnerWorker.java:86)
	at org.testng.TestNG.runSuitesSequentially(TestNG.java:1293)
	at org.testng.TestNG.runSuitesLocally(TestNG.java:1218)
	at org.testng.TestNG.runSuites(TestNG.java:1133)
	at org.testng.TestNG.run(TestNG.java:1104)
	at com.intellij.rt.testng.IDEARemoteTestNG.run(IDEARemoteTestNG.java:66)
	at com.intellij.rt.testng.RemoteTestNGStarter.main(RemoteTestNGStarter.java:110)
]]>
    </failure>
  </testcase> <!-- renameChannel -->
  <testcase classname="com.plivo.test.ApiTest" name="joinChannel" time="0.598"/>
  <testcase classname="com.plivo.test.ApiTest" name="archiveChannel" time="0.659"/>
  <testcase classname="com.plivo.test.ApiTest" name="createChannel" time="2.551"/>
  <testcase classname="com.plivo.test.ApiTest" name="validateChannelArchive" time="0.690"/>
  <testcase classname="com.plivo.test.ApiTest" name="listAllChannels" time="0.655">
    <failure message="expected [kjjhfh] but found [fhkflg]" type="java.lang.AssertionError">
      <![CDATA[java.lang.AssertionError: expected [kjjhfh] but found [fhkflg]
	at org.testng.Assert.fail(Assert.java:94)
	at org.testng.Assert.failNotEquals(Assert.java:513)
	at org.testng.Assert.assertEqualsImpl(Assert.java:135)
	at org.testng.Assert.assertEquals(Assert.java:116)
	at org.testng.Assert.assertEquals(Assert.java:190)
	at org.testng.Assert.assertEquals(Assert.java:200)
	at com.plivo.test.ApiTest.listAllChannels(ApiTest.java:92)
	at java.base/jdk.internal.reflect.NativeMethodAccessorImpl.invoke0(Native Method)
	at java.base/jdk.internal.reflect.NativeMethodAccessorImpl.invoke(NativeMethodAccessorImpl.java:62)
	at java.base/jdk.internal.reflect.DelegatingMethodAccessorImpl.invoke(DelegatingMethodAccessorImpl.java:43)
	at java.base/java.lang.reflect.Method.invoke(Method.java:566)
	at org.testng.internal.MethodInvocationHelper.invokeMethod(MethodInvocationHelper.java:104)
	at org.testng.internal.Invoker.invokeMethod(Invoker.java:645)
	at org.testng.internal.Invoker.invokeTestMethod(Invoker.java:851)
	at org.testng.internal.Invoker.invokeTestMethods(Invoker.java:1177)
	at org.testng.internal.TestMethodWorker.invokeTestMethods(TestMethodWorker.java:129)
	at org.testng.internal.TestMethodWorker.run(TestMethodWorker.java:112)
	at org.testng.TestRunner.privateRun(TestRunner.java:756)
	at org.testng.TestRunner.run(TestRunner.java:610)
	at org.testng.SuiteRunner.runTest(SuiteRunner.java:387)
	at org.testng.SuiteRunner.runSequentially(SuiteRunner.java:382)
	at org.testng.SuiteRunner.privateRun(SuiteRunner.java:340)
	at org.testng.SuiteRunner.run(SuiteRunner.java:289)
	at org.testng.SuiteRunnerWorker.runSuite(SuiteRunnerWorker.java:52)
	at org.testng.SuiteRunnerWorker.run(SuiteRunnerWorker.java:86)
	at org.testng.TestNG.runSuitesSequentially(TestNG.java:1293)
	at org.testng.TestNG.runSuitesLocally(TestNG.java:1218)
	at org.testng.TestNG.runSuites(TestNG.java:1133)
	at org.testng.TestNG.run(TestNG.java:1104)
	at com.intellij.rt.testng.IDEARemoteTestNG.run(IDEARemoteTestNG.java:66)
	at com.intellij.rt.testng.RemoteTestNGStarter.main(RemoteTestNGStarter.java:110)
]]>
    </failure>
  </testcase> <!-- listAllChannels -->
  <testcase classname="com.plivo.test.ApiTest" name="listAllChannels">
    <skipped/>
  </testcase> <!-- listAllChannels -->
  <testcase classname="com.plivo.test.ApiTest" name="listAllChannels">
    <skipped/>
  </testcase> <!-- listAllChannels -->
  <testcase classname="com.plivo.test.ApiTest" name="listAllChannels">
    <skipped/>
  </testcase> <!-- listAllChannels -->
  <testcase classname="com.plivo.test.ApiTest" name="listAllChannels">
    <skipped/>
  </testcase> <!-- listAllChannels -->
  <testcase classname="com.plivo.test.ApiTest" name="listAllChannels">
    <skipped/>
  </testcase> <!-- listAllChannels -->
  <testcase classname="com.plivo.test.ApiTest" name="joinChannel">
    <skipped/>
  </testcase> <!-- joinChannel -->
  <testcase classname="com.plivo.test.ApiTest" name="joinChannel">
    <skipped/>
  </testcase> <!-- joinChannel -->
  <testcase classname="com.plivo.test.ApiTest" name="joinChannel">
    <skipped/>
  </testcase> <!-- joinChannel -->
  <testcase classname="com.plivo.test.ApiTest" name="joinChannel">
    <skipped/>
  </testcase> <!-- joinChannel -->
  <testcase classname="com.plivo.test.ApiTest" name="joinChannel">
    <skipped/>
  </testcase> <!-- joinChannel -->
  <testcase classname="com.plivo.test.ApiTest" name="createChannel">
    <skipped/>
  </testcase> <!-- createChannel -->
  <testcase classname="com.plivo.test.ApiTest" name="createChannel">
    <skipped/>
  </testcase> <!-- createChannel -->
  <testcase classname="com.plivo.test.ApiTest" name="createChannel">
    <skipped/>
  </testcase> <!-- createChannel -->
  <testcase classname="com.plivo.test.ApiTest" name="createChannel">
    <skipped/>
  </testcase> <!-- createChannel -->
  <testcase classname="com.plivo.test.ApiTest" name="createChannel">
    <skipped/>
  </testcase> <!-- createChannel -->
  <testcase classname="com.plivo.test.ApiTest" name="archiveChannel">
    <skipped/>
  </testcase> <!-- archiveChannel -->
  <testcase classname="com.plivo.test.ApiTest" name="archiveChannel">
    <skipped/>
  </testcase> <!-- archiveChannel -->
  <testcase classname="com.plivo.test.ApiTest" name="archiveChannel">
    <skipped/>
  </testcase> <!-- archiveChannel -->
  <testcase classname="com.plivo.test.ApiTest" name="archiveChannel">
    <skipped/>
  </testcase> <!-- archiveChannel -->
  <testcase classname="com.plivo.test.ApiTest" name="archiveChannel">
    <skipped/>
  </testcase> <!-- archiveChannel -->
  <testcase classname="com.plivo.test.ApiTest" name="renameChannel">
    <skipped/>
  </testcase> <!-- renameChannel -->
  <testcase classname="com.plivo.test.ApiTest" name="renameChannel">
    <skipped/>
  </testcase> <!-- renameChannel -->
  <testcase classname="com.plivo.test.ApiTest" name="renameChannel">
    <skipped/>
  </testcase> <!-- renameChannel -->
  <testcase classname="com.plivo.test.ApiTest" name="renameChannel">
    <skipped/>
  </testcase> <!-- renameChannel -->
  <testcase classname="com.plivo.test.ApiTest" name="renameChannel">
    <skipped/>
  </testcase> <!-- renameChannel -->
  <testcase classname="com.plivo.test.ApiTest" name="validateChannelArchive">
    <skipped/>
  </testcase> <!-- validateChannelArchive -->
  <testcase classname="com.plivo.test.ApiTest" name="validateChannelArchive">
    <skipped/>
  </testcase> <!-- validateChannelArchive -->
  <testcase classname="com.plivo.test.ApiTest" name="validateChannelArchive">
    <skipped/>
  </testcase> <!-- validateChannelArchive -->
  <testcase classname="com.plivo.test.ApiTest" name="validateChannelArchive">
    <skipped/>
  </testcase> <!-- validateChannelArchive -->
  <testcase classname="com.plivo.test.ApiTest" name="validateChannelArchive">
    <skipped/>
  </testcase> <!-- validateChannelArchive -->
</testsuite> <!-- com.plivo.test.ApiTest -->
